<?xml version="1.0" encoding="UTF-8"?>
<!-- Generated by org.testng.reporters.JUnitReportReporter -->
<testsuite hostname="DESKTOP-HJUS9FO" failures="0" tests="1" name="testscripts.SignUpTest" time="7.256" errors="0" timestamp="2025-04-26T10:26:40 IST" skipped="0">
  <testcase classname="testscripts.SignUpTest" name="signUp" time="7.256"/>
</testsuite> <!-- testscripts.SignUpTest -->
