<?xml version="1.0" encoding="UTF-8"?>
<!-- Generated by org.testng.reporters.JUnitReportReporter -->
<testsuite hostname="DESKTOP-HJUS9FO" failures="0" tests="1" name="testscripts.SignUpTest" time="11.406" errors="0" timestamp="2025-04-25T15:37:39 IST" skipped="0">
  <testcase classname="testscripts.SignUpTest" name="signUp" time="11.406"/>
</testsuite> <!-- testscripts.SignUpTest -->
