<?xml version="1.0" encoding="UTF-8"?>
<!-- Generated by org.testng.reporters.JUnitReportReporter -->
<testsuite hostname="DESKTOP-HJUS9FO" failures="0" tests="1" name="testscripts.NavigateCartTest" time="5.541" errors="0" timestamp="2025-04-25T16:14:33 IST" skipped="0">
  <testcase classname="testscripts.NavigateCartTest" name="NavigateProductToCart" time="5.541"/>
</testsuite> <!-- testscripts.NavigateCartTest -->
