<?xml version="1.0" encoding="UTF-8"?>
<!-- Generated by org.testng.reporters.JUnitReportReporter -->
<testsuite hostname="DESKTOP-HJUS9FO" failures="0" tests="1" name="testscripts.AddProductTest" time="16.218" errors="0" timestamp="2025-04-26T10:27:52 IST" skipped="0">
  <testcase classname="testscripts.AddProductTest" name="addProductToCart" time="16.218"/>
</testsuite> <!-- testscripts.AddProductTest -->
