<?xml version="1.0" encoding="UTF-8"?>
<!-- Generated by org.testng.reporters.JUnitReportReporter -->
<testsuite hostname="DESKTOP-HJUS9FO" failures="0" tests="1" name="testscripts.SelectProductTest" time="6.038" errors="0" timestamp="2025-04-25T16:12:20 IST" skipped="0">
  <testcase classname="testscripts.SelectProductTest" name="selectProduct" time="6.038"/>
</testsuite> <!-- testscripts.SelectProductTest -->
